<?xml version="1.0" encoding="UTF-8"?>
<!-- Generated by org.testng.reporters.JUnitReportReporter -->
<testsuite hostname="TYC1021344" failures="0" tests="1" name="com.example.demo.DemoApplicationTests" time="7.307" errors="0" timestamp="5 Aug 2022 19:48:20 GMT">
  <testcase classname="com.example.demo.DemoApplicationTests" name="testWebMail" time="7.307"/>
</testsuite> <!-- com.example.demo.DemoApplicationTests -->
